<?xml version="1.0" encoding="UTF-8"?>
<!-- Generated by org.testng.reporters.JUnitReportReporter -->
<testsuite hostname="EPRUPETW9237" name="com.epam.uiatest.Example" tests="1" failures="0" timestamp="2 Dec 2016 09:17:51 GMT" time="13.046" errors="0">
  <testcase name="test" time="13.046" classname="com.epam.uiatest.Example"/>
</testsuite> <!-- com.epam.uiatest.Example -->
