<?xml version="1.0" encoding="UTF-8"?>
<!-- Generated by org.testng.reporters.JUnitReportReporter -->
<testsuite hostname="EPRUPETW9237" name="com.epam.uiatest.Example" tests="1" failures="0" timestamp="20 Oct 2016 00:22:39 GMT" time="4.935" errors="0">
  <testcase name="test" time="4.935" classname="com.epam.uiatest.Example"/>
</testsuite> <!-- com.epam.uiatest.Example -->
