<?xml version="1.0" encoding="UTF-8"?>
<!-- Generated by org.testng.reporters.JUnitReportReporter -->
<testsuite hostname="EPRUPETW9237" name="com.epam.uiatest.Example" tests="1" failures="0" timestamp="7 Nov 2016 16:15:10 GMT" time="10.310" errors="0">
  <testcase name="test" time="10.310" classname="com.epam.uiatest.Example"/>
</testsuite> <!-- com.epam.uiatest.Example -->
